<?xml version="1.0" encoding="UTF-8"?>
<testsuite name="greenbone.controller.ComputerControllerTest" tests="1" skipped="0" failures="0" errors="0" timestamp="2023-05-24T15:06:48" hostname="kareem.elzayat" time="0.059">
  <properties/>
  <testcase name="test()" classname="greenbone.controller.ComputerControllerTest" time="0.059"/>
  <system-out><![CDATA[16:06:46.974 [Test worker] DEBUG org.springframework.boot.test.context.SpringBootTestContextBootstrapper -- Neither @ContextConfiguration nor @ContextHierarchy found for test class [ComputerControllerTest]: using SpringBootContextLoader
16:06:46.976 [Test worker] DEBUG org.springframework.test.context.support.AbstractContextLoader -- Could not detect default resource locations for test class [greenbone.controller.ComputerControllerTest]: no resource found for suffixes {-context.xml, Context.groovy}.
16:06:46.976 [Test worker] INFO org.springframework.test.context.support.AnnotationConfigContextLoaderUtils -- Could not detect default configuration classes for test class [greenbone.controller.ComputerControllerTest]: ComputerControllerTest does not declare any static, non-private, non-final, nested classes annotated with @Configuration.
16:06:46.984 [Test worker] DEBUG org.springframework.boot.test.context.SpringBootTestContextBootstrapper -- Using ContextCustomizers for test class [ComputerControllerTest]: [DisableObservabilityContextCustomizer, PropertyMappingContextCustomizer, Customizer, ExcludeFilterContextCustomizer, DuplicateJsonObjectContextCustomizer, MockitoContextCustomizer, TestRestTemplateContextCustomizer]
16:06:47.012 [Test worker] DEBUG org.springframework.context.annotation.ClassPathScanningCandidateComponentProvider -- Identified candidate component class: file [/Users/kareem.elzayat/workspace/samplycompany/build/classes/java/main/greenbone/SampleCompanyApplication.class]
16:06:47.013 [Test worker] INFO org.springframework.boot.test.context.SpringBootTestContextBootstrapper -- Found @SpringBootConfiguration greenbone.SampleCompanyApplication for test class greenbone.controller.ComputerControllerTest
16:06:47.043 [Test worker] DEBUG org.springframework.boot.test.context.SpringBootTestContextBootstrapper -- Using TestExecutionListeners for test class [ComputerControllerTest]: [ServletTestExecutionListener, DirtiesContextBeforeModesTestExecutionListener, ApplicationEventsTestExecutionListener, MockitoTestExecutionListener, DependencyInjectionTestExecutionListener, DirtiesContextTestExecutionListener, TransactionalTestExecutionListener, SqlScriptsTestExecutionListener, WithSecurityContextTestExecutionListener, EventPublishingTestExecutionListener, ReactorContextTestExecutionListener, RestDocsTestExecutionListener, MockRestServiceServerResetTestExecutionListener, MockMvcPrintOnlyOnFailureTestExecutionListener, WebDriverTestExecutionListener, MockWebServiceServerTestExecutionListener, ResetMocksTestExecutionListener]
16:06:47.044 [Test worker] DEBUG org.springframework.test.context.support.AbstractDirtiesContextTestExecutionListener -- Before test class: class [ComputerControllerTest], class annotated with @DirtiesContext [false] with mode [null]

  .   ____          _            __ _ _
 /\\ / ___'_ __ _ _(_)_ __  __ _ \ \ \ \
( ( )\___ | '_ | '_| | '_ \/ _` | \ \ \ \
 \\/  ___)| |_)| | | | | || (_| |  ) ) ) )
  '  |____| .__|_| |_|_| |_\__, | / / / /
 =========|_|==============|___/=/_/_/_/
 :: Spring Boot ::                (v3.0.6)

2023-05-24T16:06:47.135+01:00  INFO 80100 --- [    Test worker] g.controller.ComputerControllerTest      : Starting ComputerControllerTest using Java 17.0.7 with PID 80100 (started by kareem.elzayat in /Users/kareem.elzayat/workspace/samplycompany)
2023-05-24T16:06:47.136+01:00  INFO 80100 --- [    Test worker] g.controller.ComputerControllerTest      : No active profile set, falling back to 1 default profile: "default"
2023-05-24T16:06:47.361+01:00  INFO 80100 --- [    Test worker] .s.d.r.c.RepositoryConfigurationDelegate : Multiple Spring Data modules found, entering strict repository configuration mode
2023-05-24T16:06:47.362+01:00  INFO 80100 --- [    Test worker] .s.d.r.c.RepositoryConfigurationDelegate : Bootstrapping Spring Data JDBC repositories in DEFAULT mode.
2023-05-24T16:06:47.372+01:00  INFO 80100 --- [    Test worker] .RepositoryConfigurationExtensionSupport : Spring Data JDBC - Could not safely identify store assignment for repository candidate interface greenbone.repository.ComputerRepository; If you want this repository to be a JDBC repository, consider annotating your entities with one of these annotations: org.springframework.data.relational.core.mapping.Table.
2023-05-24T16:06:47.372+01:00  INFO 80100 --- [    Test worker] .s.d.r.c.RepositoryConfigurationDelegate : Finished Spring Data repository scanning in 8 ms. Found 0 JDBC repository interfaces.
2023-05-24T16:06:47.377+01:00  INFO 80100 --- [    Test worker] .s.d.r.c.RepositoryConfigurationDelegate : Multiple Spring Data modules found, entering strict repository configuration mode
2023-05-24T16:06:47.377+01:00  INFO 80100 --- [    Test worker] .s.d.r.c.RepositoryConfigurationDelegate : Bootstrapping Spring Data JPA repositories in DEFAULT mode.
2023-05-24T16:06:47.386+01:00  INFO 80100 --- [    Test worker] .s.d.r.c.RepositoryConfigurationDelegate : Finished Spring Data repository scanning in 7 ms. Found 1 JPA repository interfaces.
2023-05-24T16:06:47.557+01:00  INFO 80100 --- [    Test worker] com.zaxxer.hikari.HikariDataSource       : HikariPool-1 - Starting...
2023-05-24T16:06:47.622+01:00  INFO 80100 --- [    Test worker] com.zaxxer.hikari.pool.HikariPool        : HikariPool-1 - Added connection conn0: url=jdbc:h2:mem:88a32945-258f-4fb5-840d-d25a8b6dae8d user=SA
2023-05-24T16:06:47.623+01:00  INFO 80100 --- [    Test worker] com.zaxxer.hikari.HikariDataSource       : HikariPool-1 - Start completed.
2023-05-24T16:06:47.639+01:00  INFO 80100 --- [    Test worker] o.hibernate.jpa.internal.util.LogHelper  : HHH000204: Processing PersistenceUnitInfo [name: default]
2023-05-24T16:06:47.654+01:00  INFO 80100 --- [    Test worker] org.hibernate.Version                    : HHH000412: Hibernate ORM core version 6.1.7.Final
2023-05-24T16:06:47.750+01:00  INFO 80100 --- [    Test worker] SQL dialect                              : HHH000400: Using dialect: org.hibernate.dialect.H2Dialect
2023-05-24T16:06:48.001+01:00  INFO 80100 --- [    Test worker] o.h.e.t.j.p.i.JtaPlatformInitiator       : HHH000490: Using JtaPlatform implementation: [org.hibernate.engine.transaction.jta.platform.internal.NoJtaPlatform]
2023-05-24T16:06:48.005+01:00  INFO 80100 --- [    Test worker] j.LocalContainerEntityManagerFactoryBean : Initialized JPA EntityManagerFactory for persistence unit 'default'
2023-05-24T16:06:48.152+01:00  WARN 80100 --- [    Test worker] JpaBaseConfiguration$JpaWebConfiguration : spring.jpa.open-in-view is enabled by default. Therefore, database queries may be performed during view rendering. Explicitly configure spring.jpa.open-in-view to disable this warning
2023-05-24T16:06:48.387+01:00  WARN 80100 --- [    Test worker] .s.s.UserDetailsServiceAutoConfiguration : 

Using generated security password: ece5d489-7312-4ae1-84a8-36638d8957a3

This generated password is for development use only. Your security configuration must be updated before running your application in production.

2023-05-24T16:06:48.429+01:00  INFO 80100 --- [    Test worker] o.s.s.web.DefaultSecurityFilterChain     : Will secure any request with [org.springframework.security.web.session.DisableEncodeUrlFilter@1930e8ef, org.springframework.security.web.context.request.async.WebAsyncManagerIntegrationFilter@1299fed3, org.springframework.security.web.context.SecurityContextHolderFilter@23a78d2e, org.springframework.security.web.header.HeaderWriterFilter@6dcdc378, org.springframework.security.web.csrf.CsrfFilter@3074575a, org.springframework.security.web.authentication.logout.LogoutFilter@5bb45afc, org.springframework.security.web.authentication.UsernamePasswordAuthenticationFilter@7fd7085d, org.springframework.security.web.authentication.ui.DefaultLoginPageGeneratingFilter@7f5c4ff8, org.springframework.security.web.authentication.ui.DefaultLogoutPageGeneratingFilter@69af938b, org.springframework.security.web.authentication.www.BasicAuthenticationFilter@755fdfad, org.springframework.security.web.savedrequest.RequestCacheAwareFilter@c0cb9c2, org.springframework.security.web.servletapi.SecurityContextHolderAwareRequestFilter@4a6d6308, org.springframework.security.web.authentication.AnonymousAuthenticationFilter@4cb87009, org.springframework.security.web.access.ExceptionTranslationFilter@280f061e, org.springframework.security.web.access.intercept.AuthorizationFilter@7aad7df5]
2023-05-24T16:06:48.457+01:00  INFO 80100 --- [    Test worker] g.controller.ComputerControllerTest      : Started ComputerControllerTest in 1.397 seconds (process running for 1.788)
]]></system-out>
  <system-err><![CDATA[]]></system-err>
</testsuite>
